<?xml version="1.0" encoding="UTF-8"?>
<!-- Generated by org.testng.reporters.JUnitReportReporter -->
<testsuite name="WebsiteTest.HomePage" tests="2" time="66.964" ignored="0" failures="0" timestamp="01 Jan 2019 20:38:21 GMT" skipped="0" hostname="Dare" errors="0">
  <testcase name="basePageNavi" time="36.953" classname="WebsiteTest.HomePage"/>
  <testcase name="basePageNavi" time="30.011" classname="WebsiteTest.HomePage"/>
</testsuite> <!-- WebsiteTest.HomePage -->
